<?xml version="1.0" encoding="UTF-8"?>
<!-- Generated by org.testng.reporters.JUnitXMLReporter -->
<testsuite ignored="24" hostname="ShwetaHome" failures="1" tests="1" name="Firefox Tests" time="26.441" errors="0" timestamp="2022-10-02T14:12:07 PDT">
  <testcase classname="com.firebase.test.tests.AutomationTest" name="mergeAccountsTC13" time="15.785">
    <failure type="org.openqa.selenium.NoAlertPresentException" message="no such alert
  (Session info: chrome=105.0.5195.127)
Build info: version: &amp;apos;4.5.0&amp;apos;, revision: &amp;apos;fe167b119a&amp;apos;
System info: os.name: &amp;apos;Windows 11&amp;apos;, os.arch: &amp;apos;amd64&amp;apos;, os.version: &amp;apos;10.0&amp;apos;, java.version: &amp;apos;18.0.1.1&amp;apos;
Driver info: org.openqa.selenium.chrome.ChromeDriver
Command: [b77066c768eee4f55f37c6f373c048a4, getAlertText {}]
Capabilities {acceptInsecureCerts: false, browserName: chrome, browserVersion: 105.0.5195.127, chrome: {chromedriverVersion: 105.0.5195.52 (412c95e51883..., userDataDir: C:\Users\shwet\AppData\Loca...}, goog:chromeOptions: {debuggerAddress: localhost:59670}, networkConnectionEnabled: false, pageLoadStrategy: normal, platformName: WINDOWS, proxy: Proxy(), se:cdp: ws://localhost:59670/devtoo..., se:cdpVersion: 105.0.5195.127, setWindowRect: true, strictFileInteractability: false, timeouts: {implicit: 0, pageLoad: 300000, script: 30000}, unhandledPromptBehavior: dismiss and notify, webauthn:extension:credBlob: true, webauthn:extension:largeBlob: true, webauthn:virtualAuthenticators: true}
Session ID: b77066c768eee4f55f37c6f373c048a4">
      <![CDATA[org.openqa.selenium.NoAlertPresentException: no such alert
  (Session info: chrome=105.0.5195.127)
Build info: version: '4.5.0', revision: 'fe167b119a'
System info: os.name: 'Windows 11', os.arch: 'amd64', os.version: '10.0', java.version: '18.0.1.1'
Driver info: org.openqa.selenium.chrome.ChromeDriver
Command: [b77066c768eee4f55f37c6f373c048a4, getAlertText {}]
Capabilities {acceptInsecureCerts: false, browserName: chrome, browserVersion: 105.0.5195.127, chrome: {chromedriverVersion: 105.0.5195.52 (412c95e51883..., userDataDir: C:\Users\shwet\AppData\Loca...}, goog:chromeOptions: {debuggerAddress: localhost:59670}, networkConnectionEnabled: false, pageLoadStrategy: normal, platformName: WINDOWS, proxy: Proxy(), se:cdp: ws://localhost:59670/devtoo..., se:cdpVersion: 105.0.5195.127, setWindowRect: true, strictFileInteractability: false, timeouts: {implicit: 0, pageLoad: 300000, script: 30000}, unhandledPromptBehavior: dismiss and notify, webauthn:extension:credBlob: true, webauthn:extension:largeBlob: true, webauthn:virtualAuthenticators: true}
Session ID: b77066c768eee4f55f37c6f373c048a4
at org.openqa.selenium.remote.codec.w3c.W3CHttpResponseCodec.createException(W3CHttpResponseCodec.java:200)
at org.openqa.selenium.remote.codec.w3c.W3CHttpResponseCodec.decode(W3CHttpResponseCodec.java:133)
at org.openqa.selenium.remote.codec.w3c.W3CHttpResponseCodec.decode(W3CHttpResponseCodec.java:53)
at org.openqa.selenium.remote.HttpCommandExecutor.execute(HttpCommandExecutor.java:184)
at org.openqa.selenium.remote.service.DriverCommandExecutor.invokeExecute(DriverCommandExecutor.java:167)
at org.openqa.selenium.remote.service.DriverCommandExecutor.execute(DriverCommandExecutor.java:142)
at org.openqa.selenium.remote.RemoteWebDriver.execute(RemoteWebDriver.java:547)
at org.openqa.selenium.remote.RemoteWebDriver.execute(RemoteWebDriver.java:602)
at org.openqa.selenium.remote.RemoteWebDriver.execute(RemoteWebDriver.java:606)
at org.openqa.selenium.remote.RemoteWebDriver$RemoteTargetLocator.alert(RemoteWebDriver.java:1084)
at com.firebase.test.tests.AutomationTest.mergeAccountsTC13(AutomationTest.java:256)
at java.base/java.util.ArrayList.forEach(ArrayList.java:1511)
... Removed 28 stack frames]]>
    </failure>
  </testcase> <!-- mergeAccountsTC13 -->
  <testcase classname="com.firebase.test.tests.AutomationTest" name="checkErrorTC30" time="0.0">
    <ignored/>
  </testcase> <!-- checkErrorTC30 -->
  <testcase classname="com.firebase.test.tests.AutomationTest" name="salesforceTC20leadsTab" time="0.0">
    <ignored/>
  </testcase> <!-- salesforceTC20leadsTab -->
  <testcase classname="com.firebase.test.tests.AutomationTest" name="loginToSalesforce1" time="0.0">
    <ignored/>
  </testcase> <!-- loginToSalesforce1 -->
  <testcase classname="com.firebase.test.tests.AutomationTest" name="createNewViewContactTC26" time="0.0">
    <ignored/>
  </testcase> <!-- createNewViewContactTC26 -->
  <testcase classname="com.firebase.test.tests.AutomationTest" name="loginErrorMessage" time="0.0">
    <ignored/>
  </testcase> <!-- loginErrorMessage -->
  <testcase classname="com.firebase.test.tests.AutomationTest" name="salesforceTC22DefaultVeiw" time="0.0">
    <ignored/>
  </testcase> <!-- salesforceTC22DefaultVeiw -->
  <testcase classname="com.firebase.test.tests.AutomationTest" name="ForgotPassword4A" time="0.0">
    <ignored/>
  </testcase> <!-- ForgotPassword4A -->
  <testcase classname="com.firebase.test.tests.AutomationTest" name="chromeTC06" time="0.0">
    <ignored/>
  </testcase> <!-- chromeTC06 -->
  <testcase classname="com.firebase.test.tests.AutomationTest" name="ForgotPassword4B" time="0.0">
    <ignored/>
  </testcase> <!-- ForgotPassword4B -->
  <testcase classname="com.firebase.test.tests.AutomationTest" name="viewContactTC29" time="0.0">
    <ignored/>
  </testcase> <!-- viewContactTC29 -->
  <testcase classname="com.firebase.test.tests.AutomationTest" name="chromeTC05" time="0.0">
    <ignored/>
  </testcase> <!-- chromeTC05 -->
  <testcase classname="com.firebase.test.tests.AutomationTest" name="checkRememberMe3" time="0.0">
    <ignored/>
  </testcase> <!-- checkRememberMe3 -->
  <testcase classname="com.firebase.test.tests.AutomationTest" name="salesforceTC17" time="0.0">
    <ignored/>
  </testcase> <!-- salesforceTC17 -->
  <testcase classname="com.firebase.test.tests.AutomationTest" name="checkMyContactsTC28" time="0.0">
    <ignored/>
  </testcase> <!-- checkMyContactsTC28 -->
  <testcase classname="com.firebase.test.tests.AutomationTest" name="salesforceTC23leadsTab" time="0.0">
    <ignored/>
  </testcase> <!-- salesforceTC23leadsTab -->
  <testcase classname="com.firebase.test.tests.AutomationTest" name="salesforceTC15" time="0.0">
    <ignored/>
  </testcase> <!-- salesforceTC15 -->
  <testcase classname="com.firebase.test.tests.AutomationTest" name="salesforceTC24leadsTab" time="0.0">
    <ignored/>
  </testcase> <!-- salesforceTC24leadsTab -->
  <testcase classname="com.firebase.test.tests.AutomationTest" name="salesforceTC18" time="0.0">
    <ignored/>
  </testcase> <!-- salesforceTC18 -->
  <testcase classname="com.firebase.test.tests.AutomationTest" name="checkSaveAndNewTC32" time="0.0">
    <ignored/>
  </testcase> <!-- checkSaveAndNewTC32 -->
  <testcase classname="com.firebase.test.tests.AutomationTest" name="createNewContactTC25" time="0.0">
    <ignored/>
  </testcase> <!-- createNewContactTC25 -->
  <testcase classname="com.firebase.test.tests.AutomationTest" name="salesforceTC19" time="0.0">
    <ignored/>
  </testcase> <!-- salesforceTC19 -->
  <testcase classname="com.firebase.test.tests.AutomationTest" name="checkRecentlyCreatedContactTC27" time="0.0">
    <ignored/>
  </testcase> <!-- checkRecentlyCreatedContactTC27 -->
  <testcase classname="com.firebase.test.tests.AutomationTest" name="checkCancelTC31" time="0.0">
    <ignored/>
  </testcase> <!-- checkCancelTC31 -->
  <testcase classname="com.firebase.test.tests.AutomationTest" name="salesforceTC21leadsTab" time="0.0">
    <ignored/>
  </testcase> <!-- salesforceTC21leadsTab -->
</testsuite> <!-- Firefox Tests -->
